<?xml version="1.0" encoding="utf-8"?><testsuites name="pytest tests"><testsuite name="pytest" errors="0" failures="0" skipped="0" tests="21" time="7.069" timestamp="2026-07-15T17:26:41.366734+00:00" hostname="agent-env-7140597a-dc6d-4828-bf2d-d92e80bb4453"><testcase classname="tests.test_authz_ssrf_ratelimit" name="test_anon_get_admin_routes_401" time="0.492" /><testcase classname="tests.test_authz_ssrf_ratelimit" name="test_anon_post_admin_routes_401_or_403" time="0.529" /><testcase classname="tests.test_authz_ssrf_ratelimit" name="test_anon_products_write_denied" time="0.222" /><testcase classname="tests.test_authz_ssrf_ratelimit" name="test_anon_settings_write_denied" time="0.108" /><testcase classname="tests.test_authz_ssrf_ratelimit" name="test_visitor_admin_routes_403" time="0.165" /><testcase classname="tests.test_authz_ssrf_ratelimit" name="test_admin_can_read_admin_route" time="0.184" /><testcase classname="tests.test_authz_ssrf_ratelimit" name="test_csrf_required_for_writes" time="0.101" /><testcase classname="tests.test_authz_ssrf_ratelimit" name="test_public_endpoints_open" time="0.225" /><testcase classname="tests.test_authz_ssrf_ratelimit" name="test_anon_cannot_list_drafts_via_include_flag" time="0.159" /><testcase classname="tests.test_authz_ssrf_ratelimit" name="test_anon_cannot_list_drafts_via_status_filter" time="0.147" /><testcase classname="tests.test_authz_ssrf_ratelimit" name="test_anon_cannot_read_specific_draft" time="0.125" /><testcase classname="tests.test_authz_ssrf_ratelimit" name="test_admin_can_list_drafts" time="0.143" /><testcase classname="tests.test_authz_ssrf_ratelimit" name="test_admin_can_read_specific_draft" time="0.113" /><testcase classname="tests.test_authz_ssrf_ratelimit" name="test_proxy_image_rejects_bad_urls[http://images.unsplash.com/photo]" time="0.100" /><testcase classname="tests.test_authz_ssrf_ratelimit" name="test_proxy_image_rejects_bad_urls[https://localhost/photo]" time="0.097" /><testcase classname="tests.test_authz_ssrf_ratelimit" name="test_proxy_image_rejects_bad_urls[https://127.0.0.1/photo]" time="0.105" /><testcase classname="tests.test_authz_ssrf_ratelimit" name="test_proxy_image_rejects_bad_urls[https://169.254.169.254/latest/meta-data/]" time="0.106" /><testcase classname="tests.test_authz_ssrf_ratelimit" name="test_proxy_image_rejects_bad_urls[https://10.0.0.1/photo]" time="0.105" /><testcase classname="tests.test_authz_ssrf_ratelimit" name="test_proxy_image_rejects_bad_urls[https://example.com/photo.jpg]" time="0.113" /><testcase classname="tests.test_authz_ssrf_ratelimit" name="test_proxy_image_rejects_bad_urls[https://images.unsplash.com/notimage.txt]" time="0.603" /><testcase classname="tests.test_authz_ssrf_ratelimit" name="test_inquiries_rate_limited" time="2.975" /></testsuite></testsuites>