<?xml version="1.0" encoding="utf-8"?><testsuites name="pytest tests"><testsuite name="pytest" errors="0" failures="0" skipped="0" tests="7" time="2.527" timestamp="2026-07-15T17:26:13.331473+00:00" hostname="agent-env-7140597a-dc6d-4828-bf2d-d92e80bb4453"><testcase classname="tests.test_inquiries_price_security" name="test_client_price_is_ignored_server_uses_db_price" time="0.309" /><testcase classname="tests.test_inquiries_price_security" name="test_multiple_items_total_is_sum_of_server_prices" time="0.280" /><testcase classname="tests.test_inquiries_price_security" name="test_missing_product_id_returns_400" time="0.107" /><testcase classname="tests.test_inquiries_price_security" name="test_draft_product_returns_400" time="0.965" /><testcase classname="tests.test_inquiries_price_security" name="test_quantity_zero_rejected_422" time="0.291" /><testcase classname="tests.test_inquiries_price_security" name="test_quantity_over_100_rejected_422" time="0.270" /><testcase classname="tests.test_inquiries_price_security" name="test_quantity_upper_bound_100_accepted" time="0.244" /></testsuite></testsuites>