<?xml version="1.0" encoding="utf-8"?><testsuites name="pytest tests"><testsuite name="pytest" errors="0" failures="10" skipped="0" tests="46" time="8.400" timestamp="2026-07-15T17:54:55.448452+00:00" hostname="agent-env-7140597a-dc6d-4828-bf2d-d92e80bb4453"><testcase classname="tests.test_authz_ssrf_ratelimit" name="test_anon_get_admin_routes_401" time="0.345" /><testcase classname="tests.test_authz_ssrf_ratelimit" name="test_anon_post_admin_routes_401_or_403" time="0.800" /><testcase classname="tests.test_products_pagination" name="test_default_response_shape_has_pagination_keys" time="0.467" /><testcase classname="tests.test_products_pagination" name="test_limit_param_respected_up_to_48" time="0.109" /><testcase classname="tests.test_products_pagination" name="test_public_limit_capped_at_48" time="0.110" /><testcase classname="tests.test_products_pagination" name="test_pagination_page_2_returns_different_items" time="0.315" /><testcase classname="tests.test_products_pagination" name="test_total_pages_matches_math" time="0.096" /><testcase classname="tests.test_products_pagination" name="test_category_filter_narrows_results" time="0.213" /><testcase classname="tests.test_authz_ssrf_ratelimit" name="test_anon_products_write_denied" time="0.182" /><testcase classname="tests.test_products_pagination" name="test_search_q_matches_name_or_sku" time="0.223" /><testcase classname="tests.test_authz_ssrf_ratelimit" name="test_anon_settings_write_denied" time="0.105" /><testcase classname="tests.test_authz_ssrf_ratelimit" name="test_visitor_admin_routes_403" time="0.185" /><testcase classname="tests.test_products_pagination" name="test_price_range_filter" time="0.163" /><testcase classname="tests.test_authz_ssrf_ratelimit" name="test_admin_can_read_admin_route" time="0.166" /><testcase classname="tests.test_products_pagination" name="test_sort_price_asc_and_desc" time="0.203" /><testcase classname="tests.test_authz_ssrf_ratelimit" name="test_csrf_required_for_writes" time="0.113" /><testcase classname="tests.test_authz_ssrf_ratelimit" name="test_public_endpoints_open" time="0.227" /><testcase classname="tests.test_products_pagination" name="test_pagination_never_exposes_drafts_to_public" time="1.078" /><testcase classname="tests.test_authz_ssrf_ratelimit" name="test_anon_cannot_list_drafts_via_include_flag" time="0.128" /><testcase classname="tests.test_authz_ssrf_ratelimit" name="test_anon_cannot_list_drafts_via_status_filter" time="0.128" /><testcase classname="tests.test_authz_ssrf_ratelimit" name="test_anon_cannot_read_specific_draft" time="0.109" /><testcase classname="tests.test_authz_ssrf_ratelimit" name="test_admin_can_list_drafts" time="0.140" /><testcase classname="tests.test_authz_ssrf_ratelimit" name="test_admin_can_read_specific_draft" time="0.102" /><testcase classname="tests.test_authz_ssrf_ratelimit" name="test_proxy_image_rejects_bad_urls[http://images.unsplash.com/photo]" time="0.113" /><testcase classname="tests.test_authz_ssrf_ratelimit" name="test_proxy_image_rejects_bad_urls[https://localhost/photo]" time="0.112" /><testcase classname="tests.test_authz_ssrf_ratelimit" name="test_proxy_image_rejects_bad_urls[https://127.0.0.1/photo]" time="0.106" /><testcase classname="tests.test_products_pagination" name="test_admin_pagination_includes_drafts_when_requested" time="0.860" /><testcase classname="tests.test_authz_ssrf_ratelimit" name="test_proxy_image_rejects_bad_urls[https://169.254.169.254/latest/meta-data/]" time="0.118" /><testcase classname="tests.test_authz_ssrf_ratelimit" name="test_proxy_image_rejects_bad_urls[https://10.0.0.1/photo]" time="0.106" /><testcase classname="tests.test_authz_ssrf_ratelimit" name="test_proxy_image_rejects_bad_urls[https://example.com/photo.jpg]" time="0.112" /><testcase classname="tests.test_authz_ssrf_ratelimit" name="test_proxy_image_rejects_bad_urls[https://images.unsplash.com/notimage.txt]" time="0.272" /><testcase classname="tests.test_authz_ssrf_ratelimit" name="test_inquiries_rate_limited" time="2.624" /><testcase classname="tests.test_products_pagination" name="test_page_out_of_range_returns_empty_items_not_error" time="0.103" /><testcase classname="tests.test_inquiries_price_security" name="test_client_price_is_ignored_server_uses_db_price" time="0.242"><failure message="AssertionError: Got 429: {&quot;detail&quot;:&quot;Too many requests, please slow down.&quot;}&#10;assert 429 == 200&#10; +  where 429 = &lt;Response [429]&gt;.status_code">backend/tests/test_inquiries_price_security.py:56: in test_client_price_is_ignored_server_uses_db_price
    assert r.status_code == 200, f"Got {r.status_code}: {r.text[:400]}"
E   AssertionError: Got 429: {"detail":"Too many requests, please slow down."}
E   assert 429 == 200
E    +  where 429 = &lt;Response [429]&gt;.status_code</failure></testcase><testcase classname="tests.test_inquiries_price_security" name="test_multiple_items_total_is_sum_of_server_prices" time="0.228"><failure message="AssertionError: {&quot;detail&quot;:&quot;Too many requests, please slow down.&quot;}&#10;assert 429 == 200&#10; +  where 429 = &lt;Response [429]&gt;.status_code">backend/tests/test_inquiries_price_security.py:84: in test_multiple_items_total_is_sum_of_server_prices
    assert resp.status_code == 200, resp.text[:400]
E   AssertionError: {"detail":"Too many requests, please slow down."}
E   assert 429 == 200
E    +  where 429 = &lt;Response [429]&gt;.status_code</failure></testcase><testcase classname="tests.test_inquiries_price_security" name="test_missing_product_id_returns_400" time="0.100"><failure message="AssertionError: Expected 400 got 429: {&quot;detail&quot;:&quot;Too many requests, please slow down.&quot;}&#10;assert 429 == 400&#10; +  where 429 = &lt;Response [429]&gt;.status_code">backend/tests/test_inquiries_price_security.py:99: in test_missing_product_id_returns_400
    assert r.status_code == 400, f"Expected 400 got {r.status_code}: {r.text[:200]}"
E   AssertionError: Expected 400 got 429: {"detail":"Too many requests, please slow down."}
E   assert 429 == 400
E    +  where 429 = &lt;Response [429]&gt;.status_code</failure></testcase><testcase classname="tests.test_inquiries_price_security" name="test_draft_product_returns_400" time="0.818"><failure message="AssertionError: Expected 400 for draft product, got 429: {&quot;detail&quot;:&quot;Too many requests, please slow down.&quot;}&#10;assert 429 == 400&#10; +  where 429 = &lt;Response [429]&gt;.status_code">backend/tests/test_inquiries_price_security.py:146: in test_draft_product_returns_400
    assert r.status_code == 400, f"Expected 400 for draft product, got {r.status_code}: {r.text[:200]}"
E   AssertionError: Expected 400 for draft product, got 429: {"detail":"Too many requests, please slow down."}
E   assert 429 == 400
E    +  where 429 = &lt;Response [429]&gt;.status_code</failure></testcase><testcase classname="tests.test_inquiries_price_security" name="test_quantity_zero_rejected_422" time="0.300"><failure message="AssertionError: Expected 422 got 429: {&quot;detail&quot;:&quot;Too many requests, please slow down.&quot;}&#10;assert 429 == 422&#10; +  where 429 = &lt;Response [429]&gt;.status_code">backend/tests/test_inquiries_price_security.py:165: in test_quantity_zero_rejected_422
    assert r.status_code == 422, f"Expected 422 got {r.status_code}: {r.text[:200]}"
E   AssertionError: Expected 422 got 429: {"detail":"Too many requests, please slow down."}
E   assert 429 == 422
E    +  where 429 = &lt;Response [429]&gt;.status_code</failure></testcase><testcase classname="tests.test_inquiries_price_security" name="test_quantity_over_100_rejected_422" time="0.266"><failure message="AssertionError: Expected 422 got 429: {&quot;detail&quot;:&quot;Too many requests, please slow down.&quot;}&#10;assert 429 == 422&#10; +  where 429 = &lt;Response [429]&gt;.status_code">backend/tests/test_inquiries_price_security.py:177: in test_quantity_over_100_rejected_422
    assert r.status_code == 422, f"Expected 422 got {r.status_code}: {r.text[:200]}"
E   AssertionError: Expected 422 got 429: {"detail":"Too many requests, please slow down."}
E   assert 429 == 422
E    +  where 429 = &lt;Response [429]&gt;.status_code</failure></testcase><testcase classname="tests.test_inquiries_price_security" name="test_quantity_upper_bound_100_accepted" time="0.255"><failure message="AssertionError: Expected 200 got 429: {&quot;detail&quot;:&quot;Too many requests, please slow down.&quot;}&#10;assert 429 == 200&#10; +  where 429 = &lt;Response [429]&gt;.status_code">backend/tests/test_inquiries_price_security.py:189: in test_quantity_upper_bound_100_accepted
    assert r.status_code == 200, f"Expected 200 got {r.status_code}: {r.text[:200]}"
E   AssertionError: Expected 200 got 429: {"detail":"Too many requests, please slow down."}
E   assert 429 == 200
E    +  where 429 = &lt;Response [429]&gt;.status_code</failure></testcase><testcase classname="tests.test_inquiries_legacy_email_fix" name="test_get_inquiries_returns_200_and_lists_legacy_blank_email_row" time="0.449" /><testcase classname="tests.test_inquiries_legacy_email_fix" name="test_get_inquiries_requires_admin" time="0.105" /><testcase classname="tests.test_inquiries_legacy_email_fix" name="test_post_inquiries_valid_email_creates_and_persists" time="0.221"><failure message="AssertionError: Expected 200 got 429: {&quot;detail&quot;:&quot;Too many requests, please slow down.&quot;}&#10;assert 429 == 200&#10; +  where 429 = &lt;Response [429]&gt;.status_code">backend/tests/test_inquiries_legacy_email_fix.py:140: in test_post_inquiries_valid_email_creates_and_persists
    assert r.status_code == 200, f"Expected 200 got {r.status_code}: {r.text[:400]}"
E   AssertionError: Expected 200 got 429: {"detail":"Too many requests, please slow down."}
E   assert 429 == 200
E    +  where 429 = &lt;Response [429]&gt;.status_code</failure></testcase><testcase classname="tests.test_inquiries_legacy_email_fix" name="test_post_inquiries_empty_email_rejected_422" time="0.122"><failure message="AssertionError: Expected 422 got 429: {&quot;detail&quot;:&quot;Too many requests, please slow down.&quot;}&#10;assert 429 == 422&#10; +  where 429 = &lt;Response [429]&gt;.status_code">backend/tests/test_inquiries_legacy_email_fix.py:177: in test_post_inquiries_empty_email_rejected_422
    assert r.status_code == 422, f"Expected 422 got {r.status_code}: {r.text[:400]}"
E   AssertionError: Expected 422 got 429: {"detail":"Too many requests, please slow down."}
E   assert 429 == 422
E    +  where 429 = &lt;Response [429]&gt;.status_code</failure></testcase><testcase classname="tests.test_inquiries_legacy_email_fix" name="test_post_inquiries_missing_email_rejected_422" time="0.111"><failure message="assert 429 == 422&#10; +  where 429 = &lt;Response [429]&gt;.status_code">backend/tests/test_inquiries_legacy_email_fix.py:193: in test_post_inquiries_missing_email_rejected_422
    assert r.status_code == 422
E   assert 429 == 422
E    +  where 429 = &lt;Response [429]&gt;.status_code</failure></testcase><testcase classname="tests.test_inquiries_legacy_email_fix" name="test_catalogue_request_creates_row_visible_in_inquiries" time="0.561" /></testsuite></testsuites>