<?xml version="1.0" encoding="utf-8"?><testsuites name="pytest tests"><testsuite name="pytest" errors="0" failures="0" skipped="0" tests="16" time="6.125" timestamp="2026-07-15T16:04:26.069022+00:00" hostname="agent-env-75a24439-e535-48eb-8aec-739a91e869c9"><testcase classname="tests.test_authz_ssrf_ratelimit" name="test_anon_get_admin_routes_401" time="0.578" /><testcase classname="tests.test_authz_ssrf_ratelimit" name="test_anon_post_admin_routes_401_or_403" time="0.548" /><testcase classname="tests.test_authz_ssrf_ratelimit" name="test_anon_products_write_denied" time="0.200" /><testcase classname="tests.test_authz_ssrf_ratelimit" name="test_anon_settings_write_denied" time="0.108" /><testcase classname="tests.test_authz_ssrf_ratelimit" name="test_visitor_admin_routes_403" time="0.187" /><testcase classname="tests.test_authz_ssrf_ratelimit" name="test_admin_can_read_admin_route" time="0.174" /><testcase classname="tests.test_authz_ssrf_ratelimit" name="test_csrf_required_for_writes" time="0.108" /><testcase classname="tests.test_authz_ssrf_ratelimit" name="test_public_endpoints_open" time="0.271" /><testcase classname="tests.test_authz_ssrf_ratelimit" name="test_proxy_image_rejects_bad_urls[http://images.unsplash.com/photo]" time="0.095" /><testcase classname="tests.test_authz_ssrf_ratelimit" name="test_proxy_image_rejects_bad_urls[https://localhost/photo]" time="0.114" /><testcase classname="tests.test_authz_ssrf_ratelimit" name="test_proxy_image_rejects_bad_urls[https://127.0.0.1/photo]" time="0.103" /><testcase classname="tests.test_authz_ssrf_ratelimit" name="test_proxy_image_rejects_bad_urls[https://169.254.169.254/latest/meta-data/]" time="0.115" /><testcase classname="tests.test_authz_ssrf_ratelimit" name="test_proxy_image_rejects_bad_urls[https://10.0.0.1/photo]" time="0.102" /><testcase classname="tests.test_authz_ssrf_ratelimit" name="test_proxy_image_rejects_bad_urls[https://example.com/photo.jpg]" time="0.107" /><testcase classname="tests.test_authz_ssrf_ratelimit" name="test_proxy_image_rejects_bad_urls[https://images.unsplash.com/notimage.txt]" time="0.222" /><testcase classname="tests.test_authz_ssrf_ratelimit" name="test_inquiries_rate_limited" time="2.961" /></testsuite></testsuites>