<?xml version="1.0" encoding="utf-8"?><testsuites name="pytest tests"><testsuite name="pytest" errors="0" failures="0" skipped="0" tests="65" time="66.111" timestamp="2026-07-16T21:12:44.900578+00:00" hostname="agent-env-7140597a-dc6d-4828-bf2d-d92e80bb4453"><testcase classname="tests.test_authz_ssrf_ratelimit" name="test_anon_get_admin_routes_401" time="0.805" /><testcase classname="tests.test_authz_ssrf_ratelimit" name="test_anon_post_admin_routes_401_or_403" time="0.604" /><testcase classname="tests.test_reviews_moderation" name="test_new_review_defaults_to_pending" time="5.422" /><testcase classname="tests.test_authz_ssrf_ratelimit" name="test_anon_products_write_denied" time="4.493" /><testcase classname="tests.test_reviews_moderation" name="test_client_cannot_smuggle_status_field" time="0.636" /><testcase classname="tests.test_authz_ssrf_ratelimit" name="test_anon_settings_write_denied" time="0.203" /><testcase classname="tests.test_authz_ssrf_ratelimit" name="test_visitor_admin_routes_403" time="0.268" /><testcase classname="tests.test_reviews_moderation" name="test_pending_reviews_not_in_public_list" time="0.775" /><testcase classname="tests.test_authz_ssrf_ratelimit" name="test_admin_can_read_admin_route" time="0.277" /><testcase classname="tests.test_authz_ssrf_ratelimit" name="test_csrf_required_for_writes" time="0.332" /><testcase classname="tests.test_reviews_moderation" name="test_pending_review_does_not_change_product_rating" time="0.683" /><testcase classname="tests.test_authz_ssrf_ratelimit" name="test_public_endpoints_open" time="0.339" /><testcase classname="tests.test_authz_ssrf_ratelimit" name="test_anon_cannot_list_drafts_via_include_flag" time="0.209" /><testcase classname="tests.test_authz_ssrf_ratelimit" name="test_anon_cannot_list_drafts_via_status_filter" time="0.252" /><testcase classname="tests.test_reviews_moderation" name="test_approve_makes_review_public_and_updates_rating" time="1.433" /><testcase classname="tests.test_authz_ssrf_ratelimit" name="test_anon_cannot_read_specific_draft" time="0.241" /><testcase classname="tests.test_authz_ssrf_ratelimit" name="test_admin_can_list_drafts" time="0.303" /><testcase classname="tests.test_authz_ssrf_ratelimit" name="test_admin_can_read_specific_draft" time="0.214" /><testcase classname="tests.test_authz_ssrf_ratelimit" name="test_proxy_image_rejects_bad_urls[http://images.unsplash.com/photo]" time="0.209" /><testcase classname="tests.test_authz_ssrf_ratelimit" name="test_proxy_image_rejects_bad_urls[https://localhost/photo]" time="0.226" /><testcase classname="tests.test_authz_ssrf_ratelimit" name="test_proxy_image_rejects_bad_urls[https://127.0.0.1/photo]" time="0.273" /><testcase classname="tests.test_reviews_moderation" name="test_rejected_review_remains_hidden_and_no_rating_impact" time="1.800" /><testcase classname="tests.test_authz_ssrf_ratelimit" name="test_proxy_image_rejects_bad_urls[https://169.254.169.254/latest/meta-data/]" time="0.215" /><testcase classname="tests.test_authz_ssrf_ratelimit" name="test_proxy_image_rejects_bad_urls[https://10.0.0.1/photo]" time="0.233" /><testcase classname="tests.test_authz_ssrf_ratelimit" name="test_proxy_image_rejects_bad_urls[https://example.com/photo.jpg]" time="0.232" /><testcase classname="tests.test_authz_ssrf_ratelimit" name="test_proxy_image_rejects_bad_urls[https://images.unsplash.com/notimage.txt]" time="0.805" /><testcase classname="tests.test_authz_ssrf_ratelimit" name="test_inquiries_rate_limited" time="2.734" /><testcase classname="tests.test_reviews_moderation" name="test_review_on_draft_product_rejected_400" time="1.179" /><testcase classname="tests.test_reviews_moderation" name="test_review_on_missing_product_rejected_400" time="0.536" /><testcase classname="tests.test_reviews_moderation" name="test_rating_out_of_range_rejected" time="1.482" /><testcase classname="tests.test_products_pagination" name="test_default_response_shape_has_pagination_keys" time="0.770" /><testcase classname="tests.test_reviews_moderation" name="test_author_length_bounds" time="0.816" /><testcase classname="tests.test_products_pagination" name="test_limit_param_respected_up_to_48" time="0.259" /><testcase classname="tests.test_products_pagination" name="test_public_limit_capped_at_48" time="0.337" /><testcase classname="tests.test_products_pagination" name="test_pagination_page_2_returns_different_items" time="0.487" /><testcase classname="tests.test_reviews_moderation" name="test_body_length_bounds" time="0.776" /><testcase classname="tests.test_products_pagination" name="test_total_pages_matches_math" time="0.221" /><testcase classname="tests.test_products_pagination" name="test_category_filter_narrows_results" time="0.380" /><testcase classname="tests.test_reviews_moderation" name="test_title_over_100_rejected" time="10.574" /><testcase classname="tests.test_products_pagination" name="test_search_q_matches_name_or_sku" time="14.633" /><testcase classname="tests.test_reviews_moderation" name="test_review_rate_limit_kicks_in_after_three_submissions" time="8.416" /><testcase classname="tests.test_products_pagination" name="test_price_range_filter" time="0.207" /><testcase classname="tests.test_products_pagination" name="test_sort_price_asc_and_desc" time="32.469" /><testcase classname="tests.test_reviews_moderation" name="test_anon_cannot_list_admin_reviews" time="5.514" /><testcase classname="tests.test_reviews_moderation" name="test_anon_cannot_approve_reject_delete" time="0.691" /><testcase classname="tests.test_reviews_moderation" name="test_anon_admin_review_list_does_not_expose_pending_body" time="0.690" /><testcase classname="tests.test_reviews_moderation" name="test_legacy_review_without_status_treated_as_approved" time="1.573" /><testcase classname="tests.test_reviews_moderation" name="test_delete_approved_review_recalculates_rating" time="1.990" /><testcase classname="tests.test_reviews_moderation" name="test_admin_list_reviews_filters_by_status" time="0.885" /><testcase classname="tests.test_inquiries_price_security" name="test_client_price_is_ignored_server_uses_db_price" time="0.383" /><testcase classname="tests.test_inquiries_price_security" name="test_multiple_items_total_is_sum_of_server_prices" time="2.387" /><testcase classname="tests.test_inquiries_price_security" name="test_missing_product_id_returns_400" time="0.227" /><testcase classname="tests.test_inquiries_price_security" name="test_draft_product_returns_400" time="0.910" /><testcase classname="tests.test_inquiries_price_security" name="test_quantity_zero_rejected_422" time="0.386" /><testcase classname="tests.test_inquiries_price_security" name="test_quantity_over_100_rejected_422" time="0.353" /><testcase classname="tests.test_inquiries_price_security" name="test_quantity_upper_bound_100_accepted" time="0.400" /><testcase classname="tests.test_inquiries_legacy_email_fix" name="test_get_inquiries_returns_200_and_lists_legacy_blank_email_row" time="0.557" /><testcase classname="tests.test_inquiries_legacy_email_fix" name="test_get_inquiries_requires_admin" time="0.274" /><testcase classname="tests.test_inquiries_legacy_email_fix" name="test_post_inquiries_valid_email_creates_and_persists" time="12.704" /><testcase classname="tests.test_products_pagination" name="test_pagination_never_exposes_drafts_to_public" time="1.166" /><testcase classname="tests.test_products_pagination" name="test_admin_pagination_includes_drafts_when_requested" time="0.935" /><testcase classname="tests.test_inquiries_legacy_email_fix" name="test_post_inquiries_empty_email_rejected_422" time="0.220" /><testcase classname="tests.test_inquiries_legacy_email_fix" name="test_post_inquiries_missing_email_rejected_422" time="0.207" /><testcase classname="tests.test_inquiries_legacy_email_fix" name="test_catalogue_request_creates_row_visible_in_inquiries" time="0.736" /><testcase classname="tests.test_products_pagination" name="test_page_out_of_range_returns_empty_items_not_error" time="0.238" /></testsuite></testsuites>