<?xml version="1.0" encoding="utf-8"?><testsuites name="pytest tests"><testsuite name="pytest" errors="0" failures="0" skipped="0" tests="6" time="1.293" timestamp="2026-07-15T17:07:35.894562+00:00" hostname="agent-env-7140597a-dc6d-4828-bf2d-d92e80bb4453"><testcase classname="tests.test_inquiries_legacy_email_fix" name="test_get_inquiries_returns_200_and_lists_legacy_blank_email_row" time="0.368" /><testcase classname="tests.test_inquiries_legacy_email_fix" name="test_get_inquiries_requires_admin" time="0.144" /><testcase classname="tests.test_inquiries_legacy_email_fix" name="test_post_inquiries_valid_email_creates_and_persists" time="0.219" /><testcase classname="tests.test_inquiries_legacy_email_fix" name="test_post_inquiries_empty_email_rejected_422" time="0.151" /><testcase classname="tests.test_inquiries_legacy_email_fix" name="test_post_inquiries_missing_email_rejected_422" time="0.133" /><testcase classname="tests.test_inquiries_legacy_email_fix" name="test_catalogue_request_creates_row_visible_in_inquiries" time="0.205" /></testsuite></testsuites>