<?xml version="1.0" encoding="utf-8"?><testsuites name="pytest tests"><testsuite name="pytest" errors="0" failures="0" skipped="0" tests="15" time="1.889" timestamp="2026-07-18T14:21:35.634652+00:00" hostname="agent-env-7140597a-dc6d-4828-bf2d-d92e80bb4453"><testcase classname="tests.test_mailer" name="test_admin_email_env_override" time="0.469" /><testcase classname="tests.test_mailer" name="test_admin_email_default_recipient" time="0.006" /><testcase classname="tests.test_mailer" name="test_html_escaping_admin_contact" time="0.006" /><testcase classname="tests.test_mailer" name="test_html_escaping_admin_inquiry_items" time="0.006" /><testcase classname="tests.test_mailer" name="test_mailer_never_raises_on_dispatch_error" time="0.007" /><testcase classname="tests.test_mailer" name="test_mailer_never_raises_on_timeout" time="0.057" /><testcase classname="tests.test_mailer" name="test_mailer_never_raises_when_api_key_missing" time="0.110" /><testcase classname="tests.test_mailer" name="test_api_key_never_appears_in_logged_error" time="0.007" /><testcase classname="tests.test_mailer" name="test_customer_ack_skipped_when_no_email" time="0.006" /><testcase classname="tests.test_mailer" name="test_reply_to_uses_customer_email" time="0.006" /><testcase classname="tests.test_mailer" name="test_ack_inquiry_summarises_item_count_without_pii" time="0.006" /><testcase classname="tests.test_mailer" name="test_contact_submission_dispatches_admin_and_ack" time="0.346" /><testcase classname="tests.test_mailer" name="test_contact_submission_persists_even_if_email_fails" time="0.009" /><testcase classname="tests.test_mailer" name="test_inquiry_submission_dispatches_admin_and_ack" time="0.329" /><testcase classname="tests.test_mailer" name="test_review_submission_dispatches_admin_notify" time="0.010" /></testsuite></testsuites>