<?xml version="1.0" encoding="utf-8"?><testsuites name="pytest tests"><testsuite name="pytest" errors="0" failures="0" skipped="0" tests="6" time="1.890" timestamp="2026-08-08T13:29:13.526824+00:00" hostname="agent-env-7140597a-dc6d-4828-bf2d-d92e80bb4453"><testcase classname="tests.test_sitemap_commercial_landings" name="test_sitemap_contains_custom_lighting_landing" time="0.544" /><testcase classname="tests.test_sitemap_commercial_landings" name="test_sitemap_contains_architects_designers_landing" time="0.117" /><testcase classname="tests.test_sitemap_commercial_landings" name="test_commercial_landings_use_monthly_08_priority" time="0.113" /><testcase classname="tests.test_sitemap_commercial_landings" name="test_sitemap_still_lists_homepage_and_categories" time="0.111" /><testcase classname="tests.test_sitemap_commercial_landings" name="test_sitemap_excludes_draft_products" time="0.198" /><testcase classname="tests.test_sitemap_commercial_landings" name="test_sitemap_is_well_formed_xml" time="0.115" /></testsuite></testsuites>